<?xml version="1.0" encoding="UTF-8"?>
<!-- Generated by org.testng.reporters.JUnitReportReporter -->
<testsuite hostname="LAPTOP-3J72H35K" failures="0" tests="1" name="StepDefinitions.TestRunner" time="10.822" errors="0" timestamp="2022-03-20T21:28:05 GMT" skipped="0">
  <testcase classname="StepDefinitions.TestRunner" name="runScenario" time="10.822"/>
  <system-out/>
</testsuite> <!-- StepDefinitions.TestRunner -->
